<?xml version="1.0" encoding="UTF-8"?>
<!-- Generated by org.testng.reporters.JUnitXMLReporter -->
<testsuite ignored="0" hostname="DESKTOP-D3NB5O6" failures="0" tests="10" name="Test" time="20.034" errors="0" timestamp="2023-06-16T00:04:59 IST">
  <testcase classname="Practice1" name="t1" time="2.461"/>
  <testcase classname="Practice1" name="t2" time="3.313"/>
  <testcase classname="CNG" name="facebook" time="2.567"/>
  <testcase classname="CNG" name="google" time="2.321"/>
  <testcase classname="Class1NG" name="addItem" time="0.005"/>
  <testcase classname="Class1NG" name="addVendor" time="0.005"/>
  <testcase classname="Class1NG" name="addPayment" time="0.004"/>
  <testcase classname="Class2NG" name="deleteItem" time="0.004"/>
  <testcase classname="Class2NG" name="deleteVendor" time="0.002"/>
  <testcase classname="Class2NG" name="deletePayment" time="0.004"/>
</testsuite> <!-- Test -->
